<?xml version="1.0" encoding="UTF-8"?>
<!-- Generated by org.testng.reporters.JUnitReportReporter -->
<testsuite hostname="mindc1d196" failures="0" tests="1" name="Testcases.TC5trackorder" time="2.072" errors="0" timestamp="2022-05-23T11:06:17 IST" skipped="0">
  <testcase classname="Testcases.TC5trackorder" name="trackorder" time="2.072"/>
  <system-out/>
</testsuite> <!-- Testcases.TC5trackorder -->
