<?xml version="1.0" encoding="UTF-8"?>
<!-- Generated by org.testng.reporters.JUnitReportReporter -->
<testsuite hostname="mindc1d196" failures="0" tests="1" name="Testcases.TC3" time="1.132" errors="0" timestamp="2022-05-20T08:29:31 IST" skipped="0">
  <testcase classname="Testcases.TC3" name="loginpage" time="1.132"/>
  <system-out/>
</testsuite> <!-- Testcases.TC3 -->
