<?xml version="1.0" encoding="UTF-8"?>
<!-- Generated by org.testng.reporters.JUnitReportReporter -->
<testsuite hostname="mindc1d196" failures="0" tests="1" name="Testcases.TC1" time="4.395" errors="0" timestamp="2022-05-19T18:45:27 IST" skipped="0">
  <testcase classname="Testcases.TC1" name="giftCard" time="4.395"/>
  <system-out/>
</testsuite> <!-- Testcases.TC1 -->
