<?xml version="1.0" encoding="UTF-8"?>
<!-- Generated by org.testng.reporters.JUnitReportReporter -->
<testsuite hostname="mindc1d196" failures="0" tests="1" name="Testcases.TC2" time="3.045" errors="0" timestamp="2022-05-20T08:12:44 IST" skipped="0">
  <testcase classname="Testcases.TC2" name="stores" time="3.045"/>
  <system-out/>
</testsuite> <!-- Testcases.TC2 -->
